<?xml version="1.0" encoding="UTF-8"?>
<!-- Generated by org.testng.reporters.JUnitReportReporter -->
<testsuite hostname="DESKTOP-37ELDCU" failures="0" tests="1" name="testng1" time="0.086" errors="0" timestamp="2023-03-11T17:53:16 IST" skipped="0">
  <testcase classname="testng1" name="start" time="0.086"/>
  <system-out/>
</testsuite> <!-- testng1 -->
