<?xml version="1.0" encoding="UTF-8"?>
<!-- Generated by org.testng.reporters.JUnitReportReporter -->
<testsuite hostname="DESKTOP-37ELDCU" failures="0" tests="1" name="com.hyr.tests.FirstTest" time="19.633" errors="0" timestamp="2023-03-29T13:25:58 IST" skipped="0">
  <testcase classname="com.hyr.tests.FirstTest" name="TestGoogle" time="19.633"/>
  <system-out/>
</testsuite> <!-- com.hyr.tests.FirstTest -->
